<?xml version="1.0" encoding="UTF-8"?>
<testsuite xmlns:xsi="http://www.w3.org/2001/XMLSchema-instance" xsi:noNamespaceSchemaLocation="https://maven.apache.org/surefire/maven-surefire-plugin/xsd/surefire-test-report.xsd" name="hello.ApplicationTests" time="10.628" tests="7" errors="1" skipped="0" failures="1">
  <properties>
[...]
</properties>
  <testcase name="shouldQueryEntity" classname="hello.ApplicationTests" time="1.14"/>
  <testcase name="shouldCreateEntity" classname="hello.ApplicationTests" time="0.039"/>
  <testcase name="shouldUpdateEntity" classname="hello.ApplicationTests" time="0.128"/>
  <testcase name="shouldRetrieveEntity" classname="hello.ApplicationTests" time="0.024"/>
  <testcase name="shouldDeleteEntity" classname="hello.ApplicationTests" time="0.055"/>
  <testcase name="shouldReturnRepositoryIndex" classname="hello.ApplicationTests" time="0.127">
    <failure message="No value at JSON path &quot;$._links.people&quot;" type="java.lang.AssertionError">java.lang.AssertionError: No value at JSON path "$._links.people"
	at hello.ApplicationTests.shouldReturnRepositoryIndex(ApplicationTests.java:54)
Caused by: com.jayway.jsonpath.PathNotFoundException: Expected to find an object with property ['_links'] in path $ but found 'java.lang.String'. This is not a json object according to the JsonProvider: 'com.jayway.jsonpath.spi.json.JsonSmartJsonProvider'.
	at hello.ApplicationTests.shouldReturnRepositoryIndex(ApplicationTests.java:54)
</failure>
    <system-out><![CDATA[
MockHttpServletRequest:
      HTTP Method = GET
      Request URI = /
       Parameters = {}
          Headers = {}
             Body = null
    Session Attrs = {}

Handler:
             Type = hello.HelloController
           Method = public java.lang.String hello.HelloController.index()

Async:
    Async started = false
     Async result = null

Resolved Exception:
             Type = null

ModelAndView:
        View name = null
             View = null
            Model = null

FlashMap:
       Attributes = null

MockHttpServletResponse:
           Status = 200
    Error message = null
          Headers = {Content-Type=[text/html;charset=UTF-8], Content-Length=[9]}
     Content type = text/html;charset=UTF-8
             Body = Root true
    Forwarded URL = null
   Redirected URL = null
          Cookies = []

MockHttpServletRequest:
      HTTP Method = POST
      Request URI = /people
       Parameters = {}
          Headers = {}
             Body = { "firstName": "Frodo", "lastName":"Baggins"}
    Session Attrs = {}

Handler:
             Type = org.springframework.data.rest.webmvc.RepositoryEntityController
           Method = public org.springframework.http.ResponseEntity<org.springframework.hateoas.ResourceSupport> org.springframework.data.rest.webmvc.RepositoryEntityController.postCollectionResource(org.springframework.data.rest.webmvc.RootResourceInformation,org.springframework.data.rest.webmvc.PersistentEntityResource,org.springframework.data.rest.webmvc.PersistentEntityResourceAssembler,java.lang.String) throws org.springframework.web.HttpRequestMethodNotSupportedException

Async:
    Async started = false
     Async result = null

Resolved Exception:
             Type = null

ModelAndView:
        View name = null
             View = null
            Model = null

FlashMap:
       Attributes = null

MockHttpServletResponse:
           Status = 201
    Error message = null
          Headers = {Location=[http://localhost/people/1]}
     Content type = null
             Body = 
    Forwarded URL = null
   Redirected URL = http://localhost/people/1
          Cookies = []

MockHttpServletRequest:
      HTTP Method = GET
      Request URI = /people/search/findByLastName
       Parameters = {name=[Baggins]}
          Headers = {}
             Body = null
    Session Attrs = {}

Handler:
             Type = org.springframework.data.rest.webmvc.RepositorySearchController
           Method = public org.springframework.http.ResponseEntity<?> org.springframework.data.rest.webmvc.RepositorySearchController.executeSearch(org.springframework.data.rest.webmvc.RootResourceInformation,org.springframework.util.MultiValueMap<java.lang.String, java.lang.Object>,java.lang.String,org.springframework.data.rest.webmvc.support.DefaultedPageable,org.springframework.data.domain.Sort,org.springframework.data.rest.webmvc.PersistentEntityResourceAssembler,org.springframework.http.HttpHeaders)

Async:
    Async started = false
     Async result = null

Resolved Exception:
             Type = null

ModelAndView:
        View name = null
             View = null
            Model = null

FlashMap:
       Attributes = null

MockHttpServletResponse:
           Status = 200
    Error message = null
          Headers = {Content-Type=[application/hal+json;charset=UTF-8]}
     Content type = application/hal+json;charset=UTF-8
             Body = {
  "_embedded" : {
    "people" : [ {
      "firstName" : "Frodo",
      "lastName" : "Baggins",
      "_links" : {
        "self" : {
          "href" : "http://localhost/people/1"
        },
        "person" : {
          "href" : "http://localhost/people/1"
        }
      }
    } ]
  },
  "_links" : {
    "self" : {
      "href" : "http://localhost/people/search/findByLastName?name=Baggins"
    }
  }
}
    Forwarded URL = null
   Redirected URL = null
          Cookies = []

MockHttpServletRequest:
      HTTP Method = POST
      Request URI = /people
       Parameters = {}
          Headers = {}
             Body = {"firstName": "Frodo", "lastName":"Baggins"}
    Session Attrs = {}

Handler:
             Type = org.springframework.data.rest.webmvc.RepositoryEntityController
           Method = public org.springframework.http.ResponseEntity<org.springframework.hateoas.ResourceSupport> org.springframework.data.rest.webmvc.RepositoryEntityController.postCollectionResource(org.springframework.data.rest.webmvc.RootResourceInformation,org.springframework.data.rest.webmvc.PersistentEntityResource,org.springframework.data.rest.webmvc.PersistentEntityResourceAssembler,java.lang.String) throws org.springframework.web.HttpRequestMethodNotSupportedException

Async:
    Async started = false
     Async result = null

Resolved Exception:
             Type = null

ModelAndView:
        View name = null
             View = null
            Model = null

FlashMap:
       Attributes = null

MockHttpServletResponse:
           Status = 201
    Error message = null
          Headers = {Location=[http://localhost/people/2]}
     Content type = null
             Body = 
    Forwarded URL = null
   Redirected URL = http://localhost/people/2
          Cookies = []

MockHttpServletRequest:
      HTTP Method = POST
      Request URI = /people
       Parameters = {}
          Headers = {}
             Body = {"firstName": "Frodo", "lastName":"Baggins"}
    Session Attrs = {}

Handler:
             Type = org.springframework.data.rest.webmvc.RepositoryEntityController
           Method = public org.springframework.http.ResponseEntity<org.springframework.hateoas.ResourceSupport> org.springframework.data.rest.webmvc.RepositoryEntityController.postCollectionResource(org.springframework.data.rest.webmvc.RootResourceInformation,org.springframework.data.rest.webmvc.PersistentEntityResource,org.springframework.data.rest.webmvc.PersistentEntityResourceAssembler,java.lang.String) throws org.springframework.web.HttpRequestMethodNotSupportedException

Async:
    Async started = false
     Async result = null

Resolved Exception:
             Type = null

ModelAndView:
        View name = null
             View = null
            Model = null

FlashMap:
       Attributes = null

MockHttpServletResponse:
           Status = 201
    Error message = null
          Headers = {Location=[http://localhost/people/3]}
     Content type = null
             Body = 
    Forwarded URL = null
   Redirected URL = http://localhost/people/3
          Cookies = []

MockHttpServletRequest:
      HTTP Method = PUT
      Request URI = /people/3
       Parameters = {}
          Headers = {}
             Body = {"firstName": "Bilbo", "lastName":"Baggins"}
    Session Attrs = {}

Handler:
             Type = org.springframework.data.rest.webmvc.RepositoryEntityController
           Method = public org.springframework.http.ResponseEntity<? extends org.springframework.hateoas.ResourceSupport> org.springframework.data.rest.webmvc.RepositoryEntityController.putItemResource(org.springframework.data.rest.webmvc.RootResourceInformation,org.springframework.data.rest.webmvc.PersistentEntityResource,java.io.Serializable,org.springframework.data.rest.webmvc.PersistentEntityResourceAssembler,org.springframework.data.rest.webmvc.support.ETag,java.lang.String) throws org.springframework.web.HttpRequestMethodNotSupportedException

Async:
    Async started = false
     Async result = null

Resolved Exception:
             Type = null

ModelAndView:
        View name = null
             View = null
            Model = null

FlashMap:
       Attributes = null

MockHttpServletResponse:
           Status = 204
    Error message = null
          Headers = {Location=[http://localhost/people/3]}
     Content type = null
             Body = 
    Forwarded URL = null
   Redirected URL = http://localhost/people/3
          Cookies = []

MockHttpServletRequest:
      HTTP Method = GET
      Request URI = /people/3
       Parameters = {}
          Headers = {}
             Body = null
    Session Attrs = {}

Handler:
             Type = org.springframework.data.rest.webmvc.RepositoryEntityController
           Method = public org.springframework.http.ResponseEntity<org.springframework.hateoas.Resource<?>> org.springframework.data.rest.webmvc.RepositoryEntityController.getItemResource(org.springframework.data.rest.webmvc.RootResourceInformation,java.io.Serializable,org.springframework.data.rest.webmvc.PersistentEntityResourceAssembler,org.springframework.http.HttpHeaders) throws org.springframework.web.HttpRequestMethodNotSupportedException

Async:
    Async started = false
     Async result = null

Resolved Exception:
             Type = null

ModelAndView:
        View name = null
             View = null
            Model = null

FlashMap:
       Attributes = null

MockHttpServletResponse:
           Status = 200
    Error message = null
          Headers = {Content-Type=[application/hal+json;charset=UTF-8]}
     Content type = application/hal+json;charset=UTF-8
             Body = {
  "firstName" : "Bilbo",
  "lastName" : "Baggins",
  "_links" : {
    "self" : {
      "href" : "http://localhost/people/3"
    },
    "person" : {
      "href" : "http://localhost/people/3"
    }
  }
}
    Forwarded URL = null
   Redirected URL = null
          Cookies = []

MockHttpServletRequest:
      HTTP Method = POST
      Request URI = /people
       Parameters = {}
          Headers = {}
             Body = {"firstName": "Frodo", "lastName":"Baggins"}
    Session Attrs = {}

Handler:
             Type = org.springframework.data.rest.webmvc.RepositoryEntityController
           Method = public org.springframework.http.ResponseEntity<org.springframework.hateoas.ResourceSupport> org.springframework.data.rest.webmvc.RepositoryEntityController.postCollectionResource(org.springframework.data.rest.webmvc.RootResourceInformation,org.springframework.data.rest.webmvc.PersistentEntityResource,org.springframework.data.rest.webmvc.PersistentEntityResourceAssembler,java.lang.String) throws org.springframework.web.HttpRequestMethodNotSupportedException

Async:
    Async started = false
     Async result = null

Resolved Exception:
             Type = null

ModelAndView:
        View name = null
             View = null
            Model = null

FlashMap:
       Attributes = null

MockHttpServletResponse:
           Status = 201
    Error message = null
          Headers = {Location=[http://localhost/people/4]}
     Content type = null
             Body = 
    Forwarded URL = null
   Redirected URL = http://localhost/people/4
          Cookies = []

MockHttpServletRequest:
      HTTP Method = GET
      Request URI = /people/4
       Parameters = {}
          Headers = {}
             Body = null
    Session Attrs = {}

Handler:
             Type = org.springframework.data.rest.webmvc.RepositoryEntityController
           Method = public org.springframework.http.ResponseEntity<org.springframework.hateoas.Resource<?>> org.springframework.data.rest.webmvc.RepositoryEntityController.getItemResource(org.springframework.data.rest.webmvc.RootResourceInformation,java.io.Serializable,org.springframework.data.rest.webmvc.PersistentEntityResourceAssembler,org.springframework.http.HttpHeaders) throws org.springframework.web.HttpRequestMethodNotSupportedException

Async:
    Async started = false
     Async result = null

Resolved Exception:
             Type = null

ModelAndView:
        View name = null
             View = null
            Model = null

FlashMap:
       Attributes = null

MockHttpServletResponse:
           Status = 200
    Error message = null
          Headers = {Content-Type=[application/hal+json;charset=UTF-8]}
     Content type = application/hal+json;charset=UTF-8
             Body = {
  "firstName" : "Frodo",
  "lastName" : "Baggins",
  "_links" : {
    "self" : {
      "href" : "http://localhost/people/4"
    },
    "person" : {
      "href" : "http://localhost/people/4"
    }
  }
}
    Forwarded URL = null
   Redirected URL = null
          Cookies = []

MockHttpServletRequest:
      HTTP Method = POST
      Request URI = /people
       Parameters = {}
          Headers = {}
             Body = { "firstName": "Bilbo", "lastName":"Baggins"}
    Session Attrs = {}

Handler:
             Type = org.springframework.data.rest.webmvc.RepositoryEntityController
           Method = public org.springframework.http.ResponseEntity<org.springframework.hateoas.ResourceSupport> org.springframework.data.rest.webmvc.RepositoryEntityController.postCollectionResource(org.springframework.data.rest.webmvc.RootResourceInformation,org.springframework.data.rest.webmvc.PersistentEntityResource,org.springframework.data.rest.webmvc.PersistentEntityResourceAssembler,java.lang.String) throws org.springframework.web.HttpRequestMethodNotSupportedException

Async:
    Async started = false
     Async result = null

Resolved Exception:
             Type = null

ModelAndView:
        View name = null
             View = null
            Model = null

FlashMap:
       Attributes = null

MockHttpServletResponse:
           Status = 201
    Error message = null
          Headers = {Location=[http://localhost/people/5]}
     Content type = null
             Body = 
    Forwarded URL = null
   Redirected URL = http://localhost/people/5
          Cookies = []

MockHttpServletRequest:
      HTTP Method = DELETE
      Request URI = /people/5
       Parameters = {}
          Headers = {}
             Body = null
    Session Attrs = {}

Handler:
             Type = org.springframework.data.rest.webmvc.RepositoryEntityController
           Method = public org.springframework.http.ResponseEntity<?> org.springframework.data.rest.webmvc.RepositoryEntityController.deleteItemResource(org.springframework.data.rest.webmvc.RootResourceInformation,java.io.Serializable,org.springframework.data.rest.webmvc.support.ETag) throws org.springframework.data.rest.webmvc.ResourceNotFoundException,org.springframework.web.HttpRequestMethodNotSupportedException

Async:
    Async started = false
     Async result = null

Resolved Exception:
             Type = null

ModelAndView:
        View name = null
             View = null
            Model = null

FlashMap:
       Attributes = null

MockHttpServletResponse:
           Status = 204
    Error message = null
          Headers = {}
     Content type = null
             Body = 
    Forwarded URL = null
   Redirected URL = null
          Cookies = []

MockHttpServletRequest:
      HTTP Method = GET
      Request URI = /people/5
       Parameters = {}
          Headers = {}
             Body = null
    Session Attrs = {}

Handler:
             Type = org.springframework.data.rest.webmvc.RepositoryEntityController
           Method = public org.springframework.http.ResponseEntity<org.springframework.hateoas.Resource<?>> org.springframework.data.rest.webmvc.RepositoryEntityController.getItemResource(org.springframework.data.rest.webmvc.RootResourceInformation,java.io.Serializable,org.springframework.data.rest.webmvc.PersistentEntityResourceAssembler,org.springframework.http.HttpHeaders) throws org.springframework.web.HttpRequestMethodNotSupportedException

Async:
    Async started = false
     Async result = null

Resolved Exception:
             Type = null

ModelAndView:
        View name = null
             View = null
            Model = null

FlashMap:
       Attributes = null

MockHttpServletResponse:
           Status = 404
    Error message = null
          Headers = {}
     Content type = null
             Body = 
    Forwarded URL = null
   Redirected URL = null
          Cookies = []

MockHttpServletRequest:
      HTTP Method = GET
      Request URI = /
       Parameters = {}
          Headers = {}
             Body = null
    Session Attrs = {}

Handler:
             Type = hello.HelloController
           Method = public java.lang.String hello.HelloController.index()

Async:
    Async started = false
     Async result = null

Resolved Exception:
             Type = null

ModelAndView:
        View name = null
             View = null
            Model = null

FlashMap:
       Attributes = null

MockHttpServletResponse:
           Status = 200
    Error message = null
          Headers = {Content-Type=[text/html;charset=UTF-8], Content-Length=[9]}
     Content type = text/html;charset=UTF-8
             Body = Root true
    Forwarded URL = null
   Redirected URL = null
          Cookies = []
]]></system-out>
  </testcase>
  <testcase name="shouldPartiallyUpdateEntity" classname="hello.ApplicationTests" time="0.074">
    <error message="could not execute statement; SQL [n/a]; constraint [&quot;FKS4VMNBRF34RSNQCDIEKREEQ1F: PUBLIC.NODE_RESPONSIBLE FOREIGN KEY(RESPONSIBLE_ID) REFERENCES PUBLIC.PERSON(ID) (6)&quot;; SQL statement:&#10;delete from person where id=? [23503-197]]; nested exception is org.hibernate.exception.ConstraintViolationException: could not execute statement" type="org.springframework.dao.DataIntegrityViolationException">org.springframework.dao.DataIntegrityViolationException: 
could not execute statement; SQL [n/a]; constraint ["FKS4VMNBRF34RSNQCDIEKREEQ1F: PUBLIC.NODE_RESPONSIBLE FOREIGN KEY(RESPONSIBLE_ID) REFERENCES PUBLIC.PERSON(ID) (6)"; SQL statement:
delete from person where id=? [23503-197]]; nested exception is org.hibernate.exception.ConstraintViolationException: could not execute statement
	at hello.ApplicationTests.deleteAllBeforeTests(ApplicationTests.java:48)
Caused by: org.hibernate.exception.ConstraintViolationException: could not execute statement
	at hello.ApplicationTests.deleteAllBeforeTests(ApplicationTests.java:48)
Caused by: org.h2.jdbc.JdbcSQLException: 
Referential integrity constraint violation: "FKS4VMNBRF34RSNQCDIEKREEQ1F: PUBLIC.NODE_RESPONSIBLE FOREIGN KEY(RESPONSIBLE_ID) REFERENCES PUBLIC.PERSON(ID) (6)"; SQL statement:
delete from person where id=? [23503-197]
	at hello.ApplicationTests.deleteAllBeforeTests(ApplicationTests.java:48)
</error>
    <system-out><![CDATA[2018-05-17 12:24:57.806  WARN 37115 --- [           main] o.h.engine.jdbc.spi.SqlExceptionHelper   : SQL Error: 23503, SQLState: 23503
2018-05-17 12:24:57.806 ERROR 37115 --- [           main] o.h.engine.jdbc.spi.SqlExceptionHelper   : Referential integrity constraint violation: "FKS4VMNBRF34RSNQCDIEKREEQ1F: PUBLIC.NODE_RESPONSIBLE FOREIGN KEY(RESPONSIBLE_ID) REFERENCES PUBLIC.PERSON(ID) (6)"; SQL statement:
delete from person where id=? [23503-197]
2018-05-17 12:24:57.808  INFO 37115 --- [           main] o.h.e.j.b.internal.AbstractBatchImpl     : HHH000010: On release of batch it still contained JDBC statements
2018-05-17 12:24:57.815 ERROR 37115 --- [           main] o.h.i.ExceptionMapperStandardImpl        : HHH000346: Error during managed flush [org.hibernate.exception.ConstraintViolationException: could not execute statement]

MockHttpServletRequest:
      HTTP Method = POST
      Request URI = /people
       Parameters = {}
          Headers = {}
             Body = { "firstName": "Frodo", "lastName":"Baggins"}
    Session Attrs = {}

Handler:
             Type = org.springframework.data.rest.webmvc.RepositoryEntityController
           Method = public org.springframework.http.ResponseEntity<org.springframework.hateoas.ResourceSupport> org.springframework.data.rest.webmvc.RepositoryEntityController.postCollectionResource(org.springframework.data.rest.webmvc.RootResourceInformation,org.springframework.data.rest.webmvc.PersistentEntityResource,org.springframework.data.rest.webmvc.PersistentEntityResourceAssembler,java.lang.String) throws org.springframework.web.HttpRequestMethodNotSupportedException

Async:
    Async started = false
     Async result = null

Resolved Exception:
             Type = null

ModelAndView:
        View name = null
             View = null
            Model = null

FlashMap:
       Attributes = null

MockHttpServletResponse:
           Status = 201
    Error message = null
          Headers = {Location=[http://localhost/people/1]}
     Content type = null
             Body = 
    Forwarded URL = null
   Redirected URL = http://localhost/people/1
          Cookies = []

MockHttpServletRequest:
      HTTP Method = GET
      Request URI = /people/search/findByLastName
       Parameters = {name=[Baggins]}
          Headers = {}
             Body = null
    Session Attrs = {}

Handler:
             Type = org.springframework.data.rest.webmvc.RepositorySearchController
           Method = public org.springframework.http.ResponseEntity<?> org.springframework.data.rest.webmvc.RepositorySearchController.executeSearch(org.springframework.data.rest.webmvc.RootResourceInformation,org.springframework.util.MultiValueMap<java.lang.String, java.lang.Object>,java.lang.String,org.springframework.data.rest.webmvc.support.DefaultedPageable,org.springframework.data.domain.Sort,org.springframework.data.rest.webmvc.PersistentEntityResourceAssembler,org.springframework.http.HttpHeaders)

Async:
    Async started = false
     Async result = null

Resolved Exception:
             Type = null

ModelAndView:
        View name = null
             View = null
            Model = null

FlashMap:
       Attributes = null

MockHttpServletResponse:
           Status = 200
    Error message = null
          Headers = {Content-Type=[application/hal+json;charset=UTF-8]}
     Content type = application/hal+json;charset=UTF-8
             Body = {
  "_embedded" : {
    "people" : [ {
      "firstName" : "Frodo",
      "lastName" : "Baggins",
      "_links" : {
        "self" : {
          "href" : "http://localhost/people/1"
        },
        "person" : {
          "href" : "http://localhost/people/1"
        }
      }
    } ]
  },
  "_links" : {
    "self" : {
      "href" : "http://localhost/people/search/findByLastName?name=Baggins"
    }
  }
}
    Forwarded URL = null
   Redirected URL = null
          Cookies = []

MockHttpServletRequest:
      HTTP Method = POST
      Request URI = /people
       Parameters = {}
          Headers = {}
             Body = {"firstName": "Frodo", "lastName":"Baggins"}
    Session Attrs = {}

Handler:
             Type = org.springframework.data.rest.webmvc.RepositoryEntityController
           Method = public org.springframework.http.ResponseEntity<org.springframework.hateoas.ResourceSupport> org.springframework.data.rest.webmvc.RepositoryEntityController.postCollectionResource(org.springframework.data.rest.webmvc.RootResourceInformation,org.springframework.data.rest.webmvc.PersistentEntityResource,org.springframework.data.rest.webmvc.PersistentEntityResourceAssembler,java.lang.String) throws org.springframework.web.HttpRequestMethodNotSupportedException

Async:
    Async started = false
     Async result = null

Resolved Exception:
             Type = null

ModelAndView:
        View name = null
             View = null
            Model = null

FlashMap:
       Attributes = null

MockHttpServletResponse:
           Status = 201
    Error message = null
          Headers = {Location=[http://localhost/people/2]}
     Content type = null
             Body = 
    Forwarded URL = null
   Redirected URL = http://localhost/people/2
          Cookies = []

MockHttpServletRequest:
      HTTP Method = POST
      Request URI = /people
       Parameters = {}
          Headers = {}
             Body = {"firstName": "Frodo", "lastName":"Baggins"}
    Session Attrs = {}

Handler:
             Type = org.springframework.data.rest.webmvc.RepositoryEntityController
           Method = public org.springframework.http.ResponseEntity<org.springframework.hateoas.ResourceSupport> org.springframework.data.rest.webmvc.RepositoryEntityController.postCollectionResource(org.springframework.data.rest.webmvc.RootResourceInformation,org.springframework.data.rest.webmvc.PersistentEntityResource,org.springframework.data.rest.webmvc.PersistentEntityResourceAssembler,java.lang.String) throws org.springframework.web.HttpRequestMethodNotSupportedException

Async:
    Async started = false
     Async result = null

Resolved Exception:
             Type = null

ModelAndView:
        View name = null
             View = null
            Model = null

FlashMap:
       Attributes = null

MockHttpServletResponse:
           Status = 201
    Error message = null
          Headers = {Location=[http://localhost/people/3]}
     Content type = null
             Body = 
    Forwarded URL = null
   Redirected URL = http://localhost/people/3
          Cookies = []

MockHttpServletRequest:
      HTTP Method = PUT
      Request URI = /people/3
       Parameters = {}
          Headers = {}
             Body = {"firstName": "Bilbo", "lastName":"Baggins"}
    Session Attrs = {}

Handler:
             Type = org.springframework.data.rest.webmvc.RepositoryEntityController
           Method = public org.springframework.http.ResponseEntity<? extends org.springframework.hateoas.ResourceSupport> org.springframework.data.rest.webmvc.RepositoryEntityController.putItemResource(org.springframework.data.rest.webmvc.RootResourceInformation,org.springframework.data.rest.webmvc.PersistentEntityResource,java.io.Serializable,org.springframework.data.rest.webmvc.PersistentEntityResourceAssembler,org.springframework.data.rest.webmvc.support.ETag,java.lang.String) throws org.springframework.web.HttpRequestMethodNotSupportedException

Async:
    Async started = false
     Async result = null

Resolved Exception:
             Type = null

ModelAndView:
        View name = null
             View = null
            Model = null

FlashMap:
       Attributes = null

MockHttpServletResponse:
           Status = 204
    Error message = null
          Headers = {Location=[http://localhost/people/3]}
     Content type = null
             Body = 
    Forwarded URL = null
   Redirected URL = http://localhost/people/3
          Cookies = []

MockHttpServletRequest:
      HTTP Method = GET
      Request URI = /people/3
       Parameters = {}
          Headers = {}
             Body = null
    Session Attrs = {}

Handler:
             Type = org.springframework.data.rest.webmvc.RepositoryEntityController
           Method = public org.springframework.http.ResponseEntity<org.springframework.hateoas.Resource<?>> org.springframework.data.rest.webmvc.RepositoryEntityController.getItemResource(org.springframework.data.rest.webmvc.RootResourceInformation,java.io.Serializable,org.springframework.data.rest.webmvc.PersistentEntityResourceAssembler,org.springframework.http.HttpHeaders) throws org.springframework.web.HttpRequestMethodNotSupportedException

Async:
    Async started = false
     Async result = null

Resolved Exception:
             Type = null

ModelAndView:
        View name = null
             View = null
            Model = null

FlashMap:
       Attributes = null

MockHttpServletResponse:
           Status = 200
    Error message = null
          Headers = {Content-Type=[application/hal+json;charset=UTF-8]}
     Content type = application/hal+json;charset=UTF-8
             Body = {
  "firstName" : "Bilbo",
  "lastName" : "Baggins",
  "_links" : {
    "self" : {
      "href" : "http://localhost/people/3"
    },
    "person" : {
      "href" : "http://localhost/people/3"
    }
  }
}
    Forwarded URL = null
   Redirected URL = null
          Cookies = []

MockHttpServletRequest:
      HTTP Method = POST
      Request URI = /people
       Parameters = {}
          Headers = {}
             Body = {"firstName": "Frodo", "lastName":"Baggins"}
    Session Attrs = {}

Handler:
             Type = org.springframework.data.rest.webmvc.RepositoryEntityController
           Method = public org.springframework.http.ResponseEntity<org.springframework.hateoas.ResourceSupport> org.springframework.data.rest.webmvc.RepositoryEntityController.postCollectionResource(org.springframework.data.rest.webmvc.RootResourceInformation,org.springframework.data.rest.webmvc.PersistentEntityResource,org.springframework.data.rest.webmvc.PersistentEntityResourceAssembler,java.lang.String) throws org.springframework.web.HttpRequestMethodNotSupportedException

Async:
    Async started = false
     Async result = null

Resolved Exception:
             Type = null

ModelAndView:
        View name = null
             View = null
            Model = null

FlashMap:
       Attributes = null

MockHttpServletResponse:
           Status = 201
    Error message = null
          Headers = {Location=[http://localhost/people/4]}
     Content type = null
             Body = 
    Forwarded URL = null
   Redirected URL = http://localhost/people/4
          Cookies = []

MockHttpServletRequest:
      HTTP Method = GET
      Request URI = /people/4
       Parameters = {}
          Headers = {}
             Body = null
    Session Attrs = {}

Handler:
             Type = org.springframework.data.rest.webmvc.RepositoryEntityController
           Method = public org.springframework.http.ResponseEntity<org.springframework.hateoas.Resource<?>> org.springframework.data.rest.webmvc.RepositoryEntityController.getItemResource(org.springframework.data.rest.webmvc.RootResourceInformation,java.io.Serializable,org.springframework.data.rest.webmvc.PersistentEntityResourceAssembler,org.springframework.http.HttpHeaders) throws org.springframework.web.HttpRequestMethodNotSupportedException

Async:
    Async started = false
     Async result = null

Resolved Exception:
             Type = null

ModelAndView:
        View name = null
             View = null
            Model = null

FlashMap:
       Attributes = null

MockHttpServletResponse:
           Status = 200
    Error message = null
          Headers = {Content-Type=[application/hal+json;charset=UTF-8]}
     Content type = application/hal+json;charset=UTF-8
             Body = {
  "firstName" : "Frodo",
  "lastName" : "Baggins",
  "_links" : {
    "self" : {
      "href" : "http://localhost/people/4"
    },
    "person" : {
      "href" : "http://localhost/people/4"
    }
  }
}
    Forwarded URL = null
   Redirected URL = null
          Cookies = []

MockHttpServletRequest:
      HTTP Method = POST
      Request URI = /people
       Parameters = {}
          Headers = {}
             Body = { "firstName": "Bilbo", "lastName":"Baggins"}
    Session Attrs = {}

Handler:
             Type = org.springframework.data.rest.webmvc.RepositoryEntityController
           Method = public org.springframework.http.ResponseEntity<org.springframework.hateoas.ResourceSupport> org.springframework.data.rest.webmvc.RepositoryEntityController.postCollectionResource(org.springframework.data.rest.webmvc.RootResourceInformation,org.springframework.data.rest.webmvc.PersistentEntityResource,org.springframework.data.rest.webmvc.PersistentEntityResourceAssembler,java.lang.String) throws org.springframework.web.HttpRequestMethodNotSupportedException

Async:
    Async started = false
     Async result = null

Resolved Exception:
             Type = null

ModelAndView:
        View name = null
             View = null
            Model = null

FlashMap:
       Attributes = null

MockHttpServletResponse:
           Status = 201
    Error message = null
          Headers = {Location=[http://localhost/people/5]}
     Content type = null
             Body = 
    Forwarded URL = null
   Redirected URL = http://localhost/people/5
          Cookies = []

MockHttpServletRequest:
      HTTP Method = DELETE
      Request URI = /people/5
       Parameters = {}
          Headers = {}
             Body = null
    Session Attrs = {}

Handler:
             Type = org.springframework.data.rest.webmvc.RepositoryEntityController
           Method = public org.springframework.http.ResponseEntity<?> org.springframework.data.rest.webmvc.RepositoryEntityController.deleteItemResource(org.springframework.data.rest.webmvc.RootResourceInformation,java.io.Serializable,org.springframework.data.rest.webmvc.support.ETag) throws org.springframework.data.rest.webmvc.ResourceNotFoundException,org.springframework.web.HttpRequestMethodNotSupportedException

Async:
    Async started = false
     Async result = null

Resolved Exception:
             Type = null

ModelAndView:
        View name = null
             View = null
            Model = null

FlashMap:
       Attributes = null

MockHttpServletResponse:
           Status = 204
    Error message = null
          Headers = {}
     Content type = null
             Body = 
    Forwarded URL = null
   Redirected URL = null
          Cookies = []

MockHttpServletRequest:
      HTTP Method = GET
      Request URI = /people/5
       Parameters = {}
          Headers = {}
             Body = null
    Session Attrs = {}

Handler:
             Type = org.springframework.data.rest.webmvc.RepositoryEntityController
           Method = public org.springframework.http.ResponseEntity<org.springframework.hateoas.Resource<?>> org.springframework.data.rest.webmvc.RepositoryEntityController.getItemResource(org.springframework.data.rest.webmvc.RootResourceInformation,java.io.Serializable,org.springframework.data.rest.webmvc.PersistentEntityResourceAssembler,org.springframework.http.HttpHeaders) throws org.springframework.web.HttpRequestMethodNotSupportedException

Async:
    Async started = false
     Async result = null

Resolved Exception:
             Type = null

ModelAndView:
        View name = null
             View = null
            Model = null

FlashMap:
       Attributes = null

MockHttpServletResponse:
           Status = 404
    Error message = null
          Headers = {}
     Content type = null
             Body = 
    Forwarded URL = null
   Redirected URL = null
          Cookies = []

MockHttpServletRequest:
      HTTP Method = GET
      Request URI = /
       Parameters = {}
          Headers = {}
             Body = null
    Session Attrs = {}

Handler:
             Type = hello.HelloController
           Method = public java.lang.String hello.HelloController.index()

Async:
    Async started = false
     Async result = null

Resolved Exception:
             Type = null

ModelAndView:
        View name = null
             View = null
            Model = null

FlashMap:
       Attributes = null

MockHttpServletResponse:
           Status = 200
    Error message = null
          Headers = {Content-Type=[text/html;charset=UTF-8], Content-Length=[9]}
     Content type = text/html;charset=UTF-8
             Body = Root true
    Forwarded URL = null
   Redirected URL = null
          Cookies = []
]]></system-out>
  </testcase>
</testsuite>